TpTrace Verbose: 0 : 27762, 1, 2025/12/01, 17:52:43.103, 327061072559291, vstest.console.dll, Version: 18.0.1-release-25523-111 Current process architecture: ARM64
TpTrace Verbose: 0 : 27762, 1, 2025/12/01, 17:52:43.104, 327061073615083, vstest.console.dll, Runtime location: /usr/local/share/dotnet/shared/Microsoft.NETCore.App/10.0.0
TpTrace Information: 0 : 27762, 1, 2025/12/01, 17:52:43.104, 327061074257125, vstest.console.dll, Using .Net Framework version:.NETCoreApp,Version=v10.0
TpTrace Verbose: 0 : 27762, 1, 2025/12/01, 17:52:43.104, 327061074278250, vstest.console.dll, ArtifactProcessingPostProcessModeProcessorExecutor.Initialize: ArtifactProcessingMode.Collect
TpTrace Verbose: 0 : 27762, 1, 2025/12/01, 17:52:43.104, 327061074294500, vstest.console.dll, TestSessionCorrelationIdProcessorModeProcessorExecutor.Initialize: TestSessionCorrelationId '27755_073ff34e-03b0-40cb-b9cb-8f80a0947a6d'
TpTrace Information: 0 : 27762, 1, 2025/12/01, 17:52:43.105, 327061075014333, vstest.console.dll, FilePatternParser: The given file /Users/dangercoder/repos/clojure-dotnet/tests/Cljr.CljrTests/bin/Debug/net10.0/Cljr.CljrTests.dll is a full path.
TpTrace Verbose: 0 : 27762, 1, 2025/12/01, 17:52:43.106, 327061076060041, vstest.console.dll, TestPluginCache.DiscoverTestExtensions: finding test extensions in assemblies ends with: RuntimeProvider.dll TPluginInfo: Microsoft.VisualStudio.TestPlatform.Common.ExtensionFramework.Utilities.TestRuntimePluginInformation TExtension: Microsoft.VisualStudio.TestPlatform.ObjectModel.Host.ITestRuntimeProvider
TpTrace Verbose: 0 : 27762, 1, 2025/12/01, 17:52:43.106, 327061076192625, vstest.console.dll, TestPluginCache.GetExtensionPaths: Filtered extension paths: 
TpTrace Verbose: 0 : 27762, 1, 2025/12/01, 17:52:43.106, 327061076210083, vstest.console.dll, TestPluginCache.GetExtensionPaths: Added default extension paths: /usr/local/share/dotnet/sdk/10.0.100/Extensions/Microsoft.VisualStudio.TestPlatform.Extensions.Trx.TestLogger.dll
/usr/local/share/dotnet/sdk/10.0.100/Extensions/Microsoft.Diagnostics.NETCore.Client.dll
/usr/local/share/dotnet/sdk/10.0.100/Extensions/Microsoft.TestPlatform.Extensions.BlameDataCollector.dll
/usr/local/share/dotnet/sdk/10.0.100/Extensions/Microsoft.TestPlatform.TestHostRuntimeProvider.dll
/usr/local/share/dotnet/sdk/10.0.100/Extensions/Microsoft.TestPlatform.Extensions.EventLogCollector.dll
/usr/local/share/dotnet/sdk/10.0.100/Extensions/Microsoft.VisualStudio.TestPlatform.Extensions.Html.TestLogger.dll
TpTrace Verbose: 0 : 27762, 1, 2025/12/01, 17:52:43.106, 327061076219125, vstest.console.dll, TestPluginCache.GetExtensionPaths: Added unfilterableExtensionPaths: 
TpTrace Information: 0 : 27762, 1, 2025/12/01, 17:52:43.106, 327061076347375, vstest.console.dll, AssemblyResolver.ctor: Creating AssemblyResolver with searchDirectories /usr/local/share/dotnet/sdk/10.0.100/Extensions,/usr/local/share/dotnet/sdk/10.0.100
TpTrace Verbose: 0 : 27762, 1, 2025/12/01, 17:52:43.107, 327061076532791, vstest.console.dll, TestPluginCache.DiscoverTestExtensions: Discovering the extensions using extension path.
TpTrace Verbose: 0 : 27762, 1, 2025/12/01, 17:52:43.107, 327061076554041, vstest.console.dll, TestPluginCache.GetExtensionPaths: Filtered extension paths: 
TpTrace Verbose: 0 : 27762, 1, 2025/12/01, 17:52:43.107, 327061076560333, vstest.console.dll, TestPluginCache.GetExtensionPaths: Added default extension paths: /usr/local/share/dotnet/sdk/10.0.100/Extensions/Microsoft.VisualStudio.TestPlatform.Extensions.Trx.TestLogger.dll
/usr/local/share/dotnet/sdk/10.0.100/Extensions/Microsoft.Diagnostics.NETCore.Client.dll
/usr/local/share/dotnet/sdk/10.0.100/Extensions/Microsoft.TestPlatform.Extensions.BlameDataCollector.dll
/usr/local/share/dotnet/sdk/10.0.100/Extensions/Microsoft.TestPlatform.TestHostRuntimeProvider.dll
/usr/local/share/dotnet/sdk/10.0.100/Extensions/Microsoft.TestPlatform.Extensions.EventLogCollector.dll
/usr/local/share/dotnet/sdk/10.0.100/Extensions/Microsoft.VisualStudio.TestPlatform.Extensions.Html.TestLogger.dll
TpTrace Verbose: 0 : 27762, 1, 2025/12/01, 17:52:43.107, 327061076565833, vstest.console.dll, TestPluginCache.GetExtensionPaths: Added unfilterableExtensionPaths: 
TpTrace Verbose: 0 : 27762, 1, 2025/12/01, 17:52:43.107, 327061076582541, vstest.console.dll, TestPluginCache.DiscoverTestExtensions: Discovering the extensions using allExtensionPaths: /usr/local/share/dotnet/sdk/10.0.100/Extensions/Microsoft.VisualStudio.TestPlatform.Extensions.Trx.TestLogger.dll
/usr/local/share/dotnet/sdk/10.0.100/Extensions/Microsoft.Diagnostics.NETCore.Client.dll
/usr/local/share/dotnet/sdk/10.0.100/Extensions/Microsoft.TestPlatform.Extensions.BlameDataCollector.dll
/usr/local/share/dotnet/sdk/10.0.100/Extensions/Microsoft.TestPlatform.TestHostRuntimeProvider.dll
/usr/local/share/dotnet/sdk/10.0.100/Extensions/Microsoft.TestPlatform.Extensions.EventLogCollector.dll
/usr/local/share/dotnet/sdk/10.0.100/Extensions/Microsoft.VisualStudio.TestPlatform.Extensions.Html.TestLogger.dll
TpTrace Information: 0 : 27762, 1, 2025/12/01, 17:52:43.107, 327061076604583, vstest.console.dll, AssemblyResolver.AddSearchDirectories: Adding more searchDirectories /usr/local/share/dotnet/sdk/10.0.100/Extensions,/usr/local/share/dotnet/sdk/10.0.100
TpTrace Information: 0 : 27762, 1, 2025/12/01, 17:52:43.107, 327061076614083, vstest.console.dll, AssemblyResolver.AddSearchDirectories: Adding more searchDirectories /usr/local/share/dotnet/sdk/10.0.100/Extensions,/usr/local/share/dotnet/sdk/10.0.100
TpTrace Information: 0 : 27762, 1, 2025/12/01, 17:52:43.107, 327061076619708, vstest.console.dll, AssemblyResolver.AddSearchDirectories: Adding more searchDirectories /usr/local/share/dotnet/sdk/10.0.100/Extensions,/usr/local/share/dotnet/sdk/10.0.100
TpTrace Information: 0 : 27762, 1, 2025/12/01, 17:52:43.107, 327061076624416, vstest.console.dll, AssemblyResolver.AddSearchDirectories: Adding more searchDirectories /usr/local/share/dotnet/sdk/10.0.100/Extensions,/usr/local/share/dotnet/sdk/10.0.100
TpTrace Information: 0 : 27762, 1, 2025/12/01, 17:52:43.107, 327061076628666, vstest.console.dll, AssemblyResolver.AddSearchDirectories: Adding more searchDirectories /usr/local/share/dotnet/sdk/10.0.100/Extensions,/usr/local/share/dotnet/sdk/10.0.100
TpTrace Information: 0 : 27762, 1, 2025/12/01, 17:52:43.107, 327061076632833, vstest.console.dll, AssemblyResolver.AddSearchDirectories: Adding more searchDirectories /usr/local/share/dotnet/sdk/10.0.100/Extensions,/usr/local/share/dotnet/sdk/10.0.100
TpTrace Information: 0 : 27762, 1, 2025/12/01, 17:52:43.107, 327061076719916, vstest.console.dll, AssemblyResolver.OnResolve: Microsoft.VisualStudio.TestPlatform.Extensions.Trx.TestLogger: Resolving assembly.
TpTrace Information: 0 : 27762, 1, 2025/12/01, 17:52:43.107, 327061076732083, vstest.console.dll, AssemblyResolver.OnResolve: Microsoft.VisualStudio.TestPlatform.Extensions.Trx.TestLogger: Searching in: '/usr/local/share/dotnet/sdk/10.0.100/Extensions'.
TpTrace Information: 0 : 27762, 1, 2025/12/01, 17:52:43.109, 327061078502500, vstest.console.dll, AssemblyResolver.OnResolve: Microsoft.VisualStudio.TestPlatform.Extensions.Trx.TestLogger: Loading assembly '/usr/local/share/dotnet/sdk/10.0.100/Extensions/Microsoft.VisualStudio.TestPlatform.Extensions.Trx.TestLogger.dll'.
TpTrace Information: 0 : 27762, 1, 2025/12/01, 17:52:43.109, 327061078648916, vstest.console.dll, AssemblyResolver.OnResolve: Resolved assembly: Microsoft.VisualStudio.TestPlatform.Extensions.Trx.TestLogger, from path: /usr/local/share/dotnet/sdk/10.0.100/Extensions/Microsoft.VisualStudio.TestPlatform.Extensions.Trx.TestLogger.dll
TpTrace Verbose: 0 : 27762, 1, 2025/12/01, 17:52:43.109, 327061078921291, vstest.console.dll, MetadataReaderExtensionsHelper: Discovering extensions inside assembly 'Microsoft.VisualStudio.TestPlatform.Extensions.Trx.TestLogger, Version=15.0.0.0, Culture=neutral, PublicKeyToken=b03f5f7f11d50a3a' file path '/usr/local/share/dotnet/sdk/10.0.100/Extensions/Microsoft.VisualStudio.TestPlatform.Extensions.Trx.TestLogger.dll'
TpTrace Information: 0 : 27762, 1, 2025/12/01, 17:52:43.109, 327061079367208, vstest.console.dll, AssemblyResolver.OnResolve: Microsoft.Diagnostics.NETCore.Client: Resolving assembly.
TpTrace Information: 0 : 27762, 1, 2025/12/01, 17:52:43.109, 327061079385666, vstest.console.dll, AssemblyResolver.OnResolve: Microsoft.Diagnostics.NETCore.Client: Searching in: '/usr/local/share/dotnet/sdk/10.0.100/Extensions'.
TpTrace Information: 0 : 27762, 1, 2025/12/01, 17:52:43.109, 327061079436916, vstest.console.dll, AssemblyResolver.OnResolve: Microsoft.Diagnostics.NETCore.Client: Loading assembly '/usr/local/share/dotnet/sdk/10.0.100/Extensions/Microsoft.Diagnostics.NETCore.Client.dll'.
TpTrace Information: 0 : 27762, 1, 2025/12/01, 17:52:43.110, 327061079556875, vstest.console.dll, AssemblyResolver.OnResolve: Resolved assembly: Microsoft.Diagnostics.NETCore.Client, from path: /usr/local/share/dotnet/sdk/10.0.100/Extensions/Microsoft.Diagnostics.NETCore.Client.dll
TpTrace Verbose: 0 : 27762, 1, 2025/12/01, 17:52:43.110, 327061079567166, vstest.console.dll, MetadataReaderExtensionsHelper: Discovering extensions inside assembly 'Microsoft.Diagnostics.NETCore.Client, Version=0.2.13.2411, Culture=neutral, PublicKeyToken=31bf3856ad364e35' file path '/usr/local/share/dotnet/sdk/10.0.100/Extensions/Microsoft.Diagnostics.NETCore.Client.dll'
TpTrace Information: 0 : 27762, 1, 2025/12/01, 17:52:43.110, 327061079753750, vstest.console.dll, AssemblyResolver.OnResolve: Microsoft.Bcl.AsyncInterfaces: Resolving assembly.
TpTrace Information: 0 : 27762, 1, 2025/12/01, 17:52:43.110, 327061079761416, vstest.console.dll, AssemblyResolver.OnResolve: Microsoft.Bcl.AsyncInterfaces: Searching in: '/usr/local/share/dotnet/sdk/10.0.100/Extensions'.
TpTrace Information: 0 : 27762, 1, 2025/12/01, 17:52:43.110, 327061079768125, vstest.console.dll, AssemblyResolver.OnResolve: Microsoft.Bcl.AsyncInterfaces: Assembly path does not exist: '/usr/local/share/dotnet/sdk/10.0.100/Extensions/Microsoft.Bcl.AsyncInterfaces.dll', returning.
TpTrace Information: 0 : 27762, 1, 2025/12/01, 17:52:43.110, 327061079773833, vstest.console.dll, AssemblyResolver.OnResolve: Microsoft.Bcl.AsyncInterfaces: Assembly path does not exist: '/usr/local/share/dotnet/sdk/10.0.100/Extensions/Microsoft.Bcl.AsyncInterfaces.exe', returning.
TpTrace Information: 0 : 27762, 1, 2025/12/01, 17:52:43.110, 327061079777750, vstest.console.dll, AssemblyResolver.OnResolve: Microsoft.Bcl.AsyncInterfaces: Searching in: '/usr/local/share/dotnet/sdk/10.0.100'.
TpTrace Information: 0 : 27762, 1, 2025/12/01, 17:52:43.110, 327061079782791, vstest.console.dll, AssemblyResolver.OnResolve: Microsoft.Bcl.AsyncInterfaces: Assembly path does not exist: '/usr/local/share/dotnet/sdk/10.0.100/Microsoft.Bcl.AsyncInterfaces.dll', returning.
TpTrace Information: 0 : 27762, 1, 2025/12/01, 17:52:43.110, 327061079787416, vstest.console.dll, AssemblyResolver.OnResolve: Microsoft.Bcl.AsyncInterfaces: Assembly path does not exist: '/usr/local/share/dotnet/sdk/10.0.100/Microsoft.Bcl.AsyncInterfaces.exe', returning.
TpTrace Information: 0 : 27762, 1, 2025/12/01, 17:52:43.110, 327061079790958, vstest.console.dll, AssemblyResolver.OnResolve: Microsoft.Bcl.AsyncInterfaces: Failed to load assembly.
TpTrace Verbose: 0 : 27762, 1, 2025/12/01, 17:52:43.110, 327061079796458, vstest.console.dll, CurrentDomainAssemblyResolve: Resolving assembly 'Microsoft.Bcl.AsyncInterfaces'.
TpTrace Information: 0 : 27762, 1, 2025/12/01, 17:52:43.110, 327061079804416, vstest.console.dll, AssemblyResolver.OnResolve: Microsoft.Bcl.AsyncInterfaces: Resolving assembly.
TpTrace Information: 0 : 27762, 1, 2025/12/01, 17:52:43.110, 327061079811208, vstest.console.dll, AssemblyResolver.OnResolve: Microsoft.Bcl.AsyncInterfaces: Resolved from cache.
TpTrace Verbose: 0 : 27762, 1, 2025/12/01, 17:52:43.110, 327061079815250, vstest.console.dll, CurrentDomainAssemblyResolve: Resolving assembly 'Microsoft.Bcl.AsyncInterfaces'.
TpTrace Verbose: 0 : 27762, 1, 2025/12/01, 17:52:43.110, 327061079820375, vstest.console.dll, CurrentDomainAssemblyResolve: Failed to resolve assembly 'Microsoft.Bcl.AsyncInterfaces'.
TpTrace Verbose: 0 : 27762, 1, 2025/12/01, 17:52:43.110, 327061079889291, vstest.console.dll, CurrentDomainAssemblyResolve: Failed to resolve assembly 'Microsoft.Bcl.AsyncInterfaces'.
TpTrace Information: 0 : 27762, 1, 2025/12/01, 17:52:43.111, 327061080576458, vstest.console.dll, AssemblyResolver.OnResolve: Microsoft.Bcl.AsyncInterfaces: Resolving assembly.
TpTrace Information: 0 : 27762, 1, 2025/12/01, 17:52:43.111, 327061080584166, vstest.console.dll, AssemblyResolver.OnResolve: Microsoft.Bcl.AsyncInterfaces: Resolved from cache.
TpTrace Verbose: 0 : 27762, 1, 2025/12/01, 17:52:43.111, 327061080590208, vstest.console.dll, CurrentDomainAssemblyResolve: Resolving assembly 'Microsoft.Bcl.AsyncInterfaces'.
TpTrace Verbose: 0 : 27762, 1, 2025/12/01, 17:52:43.111, 327061080595708, vstest.console.dll, CurrentDomainAssemblyResolve: Failed to resolve assembly 'Microsoft.Bcl.AsyncInterfaces'.
TpTrace Information: 0 : 27762, 1, 2025/12/01, 17:52:43.111, 327061080845250, vstest.console.dll, AssemblyResolver.OnResolve: Microsoft.Bcl.AsyncInterfaces: Resolving assembly.
TpTrace Information: 0 : 27762, 1, 2025/12/01, 17:52:43.111, 327061080850083, vstest.console.dll, AssemblyResolver.OnResolve: Microsoft.Bcl.AsyncInterfaces: Resolved from cache.
TpTrace Verbose: 0 : 27762, 1, 2025/12/01, 17:52:43.111, 327061080853958, vstest.console.dll, CurrentDomainAssemblyResolve: Resolving assembly 'Microsoft.Bcl.AsyncInterfaces'.
TpTrace Verbose: 0 : 27762, 1, 2025/12/01, 17:52:43.111, 327061080857541, vstest.console.dll, CurrentDomainAssemblyResolve: Failed to resolve assembly 'Microsoft.Bcl.AsyncInterfaces'.
TpTrace Warning: 0 : 27762, 1, 2025/12/01, 17:52:43.113, 327061083391000, vstest.console.dll, TestPluginDiscoverer: Failed to get types from assembly 'Microsoft.Diagnostics.NETCore.Client, Version=0.2.13.2411, Culture=neutral, PublicKeyToken=31bf3856ad364e35'. Error: System.Reflection.ReflectionTypeLoadException: Unable to load one or more of the requested types.
Could not load file or assembly 'Microsoft.Bcl.AsyncInterfaces, Version=9.0.0.8, Culture=neutral, PublicKeyToken=cc7b13ffcd2ddd51'. The system cannot find the file specified.

Could not load file or assembly 'Microsoft.Bcl.AsyncInterfaces, Version=9.0.0.8, Culture=neutral, PublicKeyToken=cc7b13ffcd2ddd51'. The system cannot find the file specified.

Could not load file or assembly 'Microsoft.Bcl.AsyncInterfaces, Version=9.0.0.8, Culture=neutral, PublicKeyToken=cc7b13ffcd2ddd51'. The system cannot find the file specified.

   at System.Reflection.RuntimeModule.GetDefinedTypes()
   at System.Reflection.RuntimeModule.GetTypes()
   at Microsoft.VisualStudio.TestPlatform.Common.ExtensionFramework.TestPluginDiscoverer.GetTestExtensionsFromAssembly[TPluginInfo,TExtension](Assembly assembly, Dictionary`2 pluginInfos, String filePath) in /_/src/vstest/src/Microsoft.TestPlatform.Common/ExtensionFramework/TestPluginDiscoverer.cs:line 159
System.IO.FileNotFoundException: Could not load file or assembly 'Microsoft.Bcl.AsyncInterfaces, Version=9.0.0.8, Culture=neutral, PublicKeyToken=cc7b13ffcd2ddd51'. The system cannot find the file specified.

File name: 'Microsoft.Bcl.AsyncInterfaces, Version=9.0.0.8, Culture=neutral, PublicKeyToken=cc7b13ffcd2ddd51'
 ---> System.IO.FileNotFoundException: Could not load file or assembly 'Microsoft.Bcl.AsyncInterfaces, Culture=neutral, PublicKeyToken=null'. The system cannot find the file specified.

File name: 'Microsoft.Bcl.AsyncInterfaces, Culture=neutral, PublicKeyToken=null'
   at System.Reflection.RuntimeAssembly.InternalLoad(AssemblyName assemblyName, StackCrawlMark& stackMark, AssemblyLoadContext assemblyLoadContext, RuntimeAssembly requestingAssembly, Boolean throwOnFileNotFound)
   at System.Reflection.Assembly.Load(AssemblyName assemblyRef)
   at Microsoft.VisualStudio.TestPlatform.Common.ExtensionFramework.TestPluginCache.CurrentDomainAssemblyResolve(Object sender, AssemblyResolveEventArgs args) in /_/src/vstest/src/Microsoft.TestPlatform.Common/ExtensionFramework/TestPluginCache.cs:line 514
   at System.Runtime.Loader.AssemblyLoadContext.GetFirstResolvedAssemblyFromResolvingEvent(AssemblyName assemblyName)
   at System.Runtime.Loader.AssemblyLoadContext.ResolveUsingEvent(AssemblyName assemblyName)
System.IO.FileNotFoundException: Could not load file or assembly 'Microsoft.Bcl.AsyncInterfaces, Version=9.0.0.8, Culture=neutral, PublicKeyToken=cc7b13ffcd2ddd51'. The system cannot find the file specified.

File name: 'Microsoft.Bcl.AsyncInterfaces, Version=9.0.0.8, Culture=neutral, PublicKeyToken=cc7b13ffcd2ddd51'
System.IO.FileNotFoundException: Could not load file or assembly 'Microsoft.Bcl.AsyncInterfaces, Version=9.0.0.8, Culture=neutral, PublicKeyToken=cc7b13ffcd2ddd51'. The system cannot find the file specified.

File name: 'Microsoft.Bcl.AsyncInterfaces, Version=9.0.0.8, Culture=neutral, PublicKeyToken=cc7b13ffcd2ddd51'
TpTrace Warning: 0 : 27762, 1, 2025/12/01, 17:52:43.114, 327061083456500, vstest.console.dll, LoaderExceptions: System.IO.FileNotFoundException: Could not load file or assembly 'Microsoft.Bcl.AsyncInterfaces, Version=9.0.0.8, Culture=neutral, PublicKeyToken=cc7b13ffcd2ddd51'. The system cannot find the file specified.

File name: 'Microsoft.Bcl.AsyncInterfaces, Version=9.0.0.8, Culture=neutral, PublicKeyToken=cc7b13ffcd2ddd51'
 ---> System.IO.FileNotFoundException: Could not load file or assembly 'Microsoft.Bcl.AsyncInterfaces, Culture=neutral, PublicKeyToken=null'. The system cannot find the file specified.

File name: 'Microsoft.Bcl.AsyncInterfaces, Culture=neutral, PublicKeyToken=null'
   at System.Reflection.RuntimeAssembly.InternalLoad(AssemblyName assemblyName, StackCrawlMark& stackMark, AssemblyLoadContext assemblyLoadContext, RuntimeAssembly requestingAssembly, Boolean throwOnFileNotFound)
   at System.Reflection.Assembly.Load(AssemblyName assemblyRef)
   at Microsoft.VisualStudio.TestPlatform.Common.ExtensionFramework.TestPluginCache.CurrentDomainAssemblyResolve(Object sender, AssemblyResolveEventArgs args) in /_/src/vstest/src/Microsoft.TestPlatform.Common/ExtensionFramework/TestPluginCache.cs:line 514
   at System.Runtime.Loader.AssemblyLoadContext.GetFirstResolvedAssemblyFromResolvingEvent(AssemblyName assemblyName)
   at System.Runtime.Loader.AssemblyLoadContext.ResolveUsingEvent(AssemblyName assemblyName)
TpTrace Warning: 0 : 27762, 1, 2025/12/01, 17:52:43.114, 327061083463375, vstest.console.dll, LoaderExceptions: System.IO.FileNotFoundException: Could not load file or assembly 'Microsoft.Bcl.AsyncInterfaces, Version=9.0.0.8, Culture=neutral, PublicKeyToken=cc7b13ffcd2ddd51'. The system cannot find the file specified.

File name: 'Microsoft.Bcl.AsyncInterfaces, Version=9.0.0.8, Culture=neutral, PublicKeyToken=cc7b13ffcd2ddd51'
TpTrace Warning: 0 : 27762, 1, 2025/12/01, 17:52:43.114, 327061083469708, vstest.console.dll, LoaderExceptions: System.IO.FileNotFoundException: Could not load file or assembly 'Microsoft.Bcl.AsyncInterfaces, Version=9.0.0.8, Culture=neutral, PublicKeyToken=cc7b13ffcd2ddd51'. The system cannot find the file specified.

File name: 'Microsoft.Bcl.AsyncInterfaces, Version=9.0.0.8, Culture=neutral, PublicKeyToken=cc7b13ffcd2ddd51'
TpTrace Information: 0 : 27762, 1, 2025/12/01, 17:52:43.114, 327061083483625, vstest.console.dll, AssemblyResolver.OnResolve: Microsoft.TestPlatform.Extensions.BlameDataCollector: Resolving assembly.
TpTrace Information: 0 : 27762, 1, 2025/12/01, 17:52:43.114, 327061083488916, vstest.console.dll, AssemblyResolver.OnResolve: Microsoft.TestPlatform.Extensions.BlameDataCollector: Searching in: '/usr/local/share/dotnet/sdk/10.0.100/Extensions'.
TpTrace Information: 0 : 27762, 1, 2025/12/01, 17:52:43.114, 327061083537041, vstest.console.dll, AssemblyResolver.OnResolve: Microsoft.TestPlatform.Extensions.BlameDataCollector: Loading assembly '/usr/local/share/dotnet/sdk/10.0.100/Extensions/Microsoft.TestPlatform.Extensions.BlameDataCollector.dll'.
TpTrace Information: 0 : 27762, 1, 2025/12/01, 17:52:43.114, 327061083636500, vstest.console.dll, AssemblyResolver.OnResolve: Resolved assembly: Microsoft.TestPlatform.Extensions.BlameDataCollector, from path: /usr/local/share/dotnet/sdk/10.0.100/Extensions/Microsoft.TestPlatform.Extensions.BlameDataCollector.dll
TpTrace Verbose: 0 : 27762, 1, 2025/12/01, 17:52:43.114, 327061083645666, vstest.console.dll, MetadataReaderExtensionsHelper: Discovering extensions inside assembly 'Microsoft.TestPlatform.Extensions.BlameDataCollector, Version=15.0.0.0, Culture=neutral, PublicKeyToken=b03f5f7f11d50a3a' file path '/usr/local/share/dotnet/sdk/10.0.100/Extensions/Microsoft.TestPlatform.Extensions.BlameDataCollector.dll'
TpTrace Information: 0 : 27762, 1, 2025/12/01, 17:52:43.114, 327061083801583, vstest.console.dll, AssemblyResolver.OnResolve: Microsoft.TestPlatform.TestHostRuntimeProvider: Resolving assembly.
TpTrace Information: 0 : 27762, 1, 2025/12/01, 17:52:43.114, 327061083807750, vstest.console.dll, AssemblyResolver.OnResolve: Microsoft.TestPlatform.TestHostRuntimeProvider: Searching in: '/usr/local/share/dotnet/sdk/10.0.100/Extensions'.
TpTrace Information: 0 : 27762, 1, 2025/12/01, 17:52:43.114, 327061083846958, vstest.console.dll, AssemblyResolver.OnResolve: Microsoft.TestPlatform.TestHostRuntimeProvider: Loading assembly '/usr/local/share/dotnet/sdk/10.0.100/Extensions/Microsoft.TestPlatform.TestHostRuntimeProvider.dll'.
TpTrace Information: 0 : 27762, 1, 2025/12/01, 17:52:43.114, 327061083919125, vstest.console.dll, AssemblyResolver.OnResolve: Resolved assembly: Microsoft.TestPlatform.TestHostRuntimeProvider, from path: /usr/local/share/dotnet/sdk/10.0.100/Extensions/Microsoft.TestPlatform.TestHostRuntimeProvider.dll
TpTrace Verbose: 0 : 27762, 1, 2025/12/01, 17:52:43.114, 327061083926916, vstest.console.dll, MetadataReaderExtensionsHelper: Discovering extensions inside assembly 'Microsoft.TestPlatform.TestHostRuntimeProvider, Version=15.0.0.0, Culture=neutral, PublicKeyToken=b03f5f7f11d50a3a' file path '/usr/local/share/dotnet/sdk/10.0.100/Extensions/Microsoft.TestPlatform.TestHostRuntimeProvider.dll'
TpTrace Information: 0 : 27762, 1, 2025/12/01, 17:52:43.114, 327061084179875, vstest.console.dll, GetTestExtensionFromType: Register extension with identifier data 'HostProvider://DefaultTestHost' and type 'Microsoft.VisualStudio.TestPlatform.CrossPlatEngine.Hosting.DefaultTestHostManager, Microsoft.TestPlatform.TestHostRuntimeProvider, Version=15.0.0.0, Culture=neutral, PublicKeyToken=b03f5f7f11d50a3a' inside file '/usr/local/share/dotnet/sdk/10.0.100/Extensions/Microsoft.TestPlatform.TestHostRuntimeProvider.dll'
TpTrace Information: 0 : 27762, 1, 2025/12/01, 17:52:43.114, 327061084248916, vstest.console.dll, GetTestExtensionFromType: Register extension with identifier data 'HostProvider://DotnetTestHost' and type 'Microsoft.VisualStudio.TestPlatform.CrossPlatEngine.Hosting.DotnetTestHostManager, Microsoft.TestPlatform.TestHostRuntimeProvider, Version=15.0.0.0, Culture=neutral, PublicKeyToken=b03f5f7f11d50a3a' inside file '/usr/local/share/dotnet/sdk/10.0.100/Extensions/Microsoft.TestPlatform.TestHostRuntimeProvider.dll'
TpTrace Information: 0 : 27762, 1, 2025/12/01, 17:52:43.114, 327061084259583, vstest.console.dll, AssemblyResolver.OnResolve: Microsoft.TestPlatform.Extensions.EventLogCollector: Resolving assembly.
TpTrace Information: 0 : 27762, 1, 2025/12/01, 17:52:43.114, 327061084264250, vstest.console.dll, AssemblyResolver.OnResolve: Microsoft.TestPlatform.Extensions.EventLogCollector: Searching in: '/usr/local/share/dotnet/sdk/10.0.100/Extensions'.
TpTrace Information: 0 : 27762, 1, 2025/12/01, 17:52:43.114, 327061084297208, vstest.console.dll, AssemblyResolver.OnResolve: Microsoft.TestPlatform.Extensions.EventLogCollector: Loading assembly '/usr/local/share/dotnet/sdk/10.0.100/Extensions/Microsoft.TestPlatform.Extensions.EventLogCollector.dll'.
TpTrace Information: 0 : 27762, 1, 2025/12/01, 17:52:43.114, 327061084333416, vstest.console.dll, AssemblyResolver.OnResolve: Resolved assembly: Microsoft.TestPlatform.Extensions.EventLogCollector, from path: /usr/local/share/dotnet/sdk/10.0.100/Extensions/Microsoft.TestPlatform.Extensions.EventLogCollector.dll
TpTrace Verbose: 0 : 27762, 1, 2025/12/01, 17:52:43.114, 327061084342333, vstest.console.dll, MetadataReaderExtensionsHelper: Discovering extensions inside assembly 'Microsoft.TestPlatform.Extensions.EventLogCollector, Version=15.0.0.0, Culture=neutral, PublicKeyToken=b03f5f7f11d50a3a' file path '/usr/local/share/dotnet/sdk/10.0.100/Extensions/Microsoft.TestPlatform.Extensions.EventLogCollector.dll'
TpTrace Information: 0 : 27762, 1, 2025/12/01, 17:52:43.115, 327061084616458, vstest.console.dll, AssemblyResolver.OnResolve: Microsoft.VisualStudio.TestPlatform.Extensions.Html.TestLogger: Resolving assembly.
TpTrace Information: 0 : 27762, 1, 2025/12/01, 17:52:43.115, 327061084621958, vstest.console.dll, AssemblyResolver.OnResolve: Microsoft.VisualStudio.TestPlatform.Extensions.Html.TestLogger: Searching in: '/usr/local/share/dotnet/sdk/10.0.100/Extensions'.
TpTrace Information: 0 : 27762, 1, 2025/12/01, 17:52:43.115, 327061084656833, vstest.console.dll, AssemblyResolver.OnResolve: Microsoft.VisualStudio.TestPlatform.Extensions.Html.TestLogger: Loading assembly '/usr/local/share/dotnet/sdk/10.0.100/Extensions/Microsoft.VisualStudio.TestPlatform.Extensions.Html.TestLogger.dll'.
TpTrace Information: 0 : 27762, 1, 2025/12/01, 17:52:43.115, 327061084711666, vstest.console.dll, AssemblyResolver.OnResolve: Resolved assembly: Microsoft.VisualStudio.TestPlatform.Extensions.Html.TestLogger, from path: /usr/local/share/dotnet/sdk/10.0.100/Extensions/Microsoft.VisualStudio.TestPlatform.Extensions.Html.TestLogger.dll
TpTrace Verbose: 0 : 27762, 1, 2025/12/01, 17:52:43.115, 327061084719458, vstest.console.dll, MetadataReaderExtensionsHelper: Discovering extensions inside assembly 'Microsoft.VisualStudio.TestPlatform.Extensions.Html.TestLogger, Version=15.0.0.0, Culture=neutral, PublicKeyToken=b03f5f7f11d50a3a' file path '/usr/local/share/dotnet/sdk/10.0.100/Extensions/Microsoft.VisualStudio.TestPlatform.Extensions.Html.TestLogger.dll'
TpTrace Verbose: 0 : 27762, 1, 2025/12/01, 17:52:43.115, 327061084843958, vstest.console.dll, TestPluginCache: Discovered the extensions using extension path ''.
TpTrace Verbose: 0 : 27762, 1, 2025/12/01, 17:52:43.115, 327061084851458, vstest.console.dll, TestPluginCache: Discoverers are ''.
TpTrace Verbose: 0 : 27762, 1, 2025/12/01, 17:52:43.115, 327061084855458, vstest.console.dll, TestPluginCache: Executors are ''.
TpTrace Verbose: 0 : 27762, 1, 2025/12/01, 17:52:43.115, 327061084858958, vstest.console.dll, TestPluginCache: Executors2 are ''.
TpTrace Verbose: 0 : 27762, 1, 2025/12/01, 17:52:43.115, 327061084862375, vstest.console.dll, TestPluginCache: Setting providers are ''.
TpTrace Verbose: 0 : 27762, 1, 2025/12/01, 17:52:43.115, 327061084865708, vstest.console.dll, TestPluginCache: Loggers are ''.
TpTrace Verbose: 0 : 27762, 1, 2025/12/01, 17:52:43.115, 327061084908416, vstest.console.dll, TestPluginCache: TestHosts are 'HostProvider://DefaultTestHost,HostProvider://DotnetTestHost'.
TpTrace Verbose: 0 : 27762, 1, 2025/12/01, 17:52:43.115, 327061084912833, vstest.console.dll, TestPluginCache: DataCollectors are ''.
TpTrace Information: 0 : 27762, 1, 2025/12/01, 17:52:43.118, 327061087902958, vstest.console.dll, RunTestsArgumentProcessor:Execute: Test run is starting.
TpTrace Verbose: 0 : 27762, 1, 2025/12/01, 17:52:43.118, 327061087914291, vstest.console.dll, RunTestsArgumentProcessor:Execute: Queuing Test run.
TpTrace Information: 0 : 27762, 1, 2025/12/01, 17:52:43.118, 327061087976458, vstest.console.dll, TestRequestManager.RunTests: run tests started.
TpTrace Information: 0 : 27762, 1, 2025/12/01, 17:52:43.119, 327061088662041, vstest.console.dll, AssemblyMetadataProvider.GetFrameworkName: Determined framework:'.NETCoreApp,Version=v10.0' for source: '/Users/dangercoder/repos/clojure-dotnet/tests/Cljr.CljrTests/bin/Debug/net10.0/Cljr.CljrTests.dll'
TpTrace Information: 0 : 27762, 1, 2025/12/01, 17:52:43.119, 327061088692416, vstest.console.dll, Determined framework for all sources: .NETCoreApp,Version=v10.0
TpTrace Verbose: 0 : 27762, 1, 2025/12/01, 17:52:43.119, 327061089143125, vstest.console.dll, TestRequestManager.UpdateRunSettingsIfRequired: Default architecture: ARM64 IsDefaultTargetArchitecture: True, Current process architecture: ARM64 OperatingSystem: OSX.
TpTrace Information: 0 : 27762, 1, 2025/12/01, 17:52:43.120, 327061089551916, vstest.console.dll, AssemblyMetadataProvider.GetArchitecture: Determined architecture:AnyCPU info for assembly: /Users/dangercoder/repos/clojure-dotnet/tests/Cljr.CljrTests/bin/Debug/net10.0/Cljr.CljrTests.dll
TpTrace Information: 0 : 27762, 1, 2025/12/01, 17:52:43.120, 327061089567666, vstest.console.dll, Determined platform for source '/Users/dangercoder/repos/clojure-dotnet/tests/Cljr.CljrTests/bin/Debug/net10.0/Cljr.CljrTests.dll' was AnyCPU and it will use the default plaform ARM64.
TpTrace Information: 0 : 27762, 1, 2025/12/01, 17:52:43.120, 327061089573041, vstest.console.dll, None of the sources provided any runnable platform, using the default platform: ARM64
TpTrace Information: 0 : 27762, 1, 2025/12/01, 17:52:43.120, 327061089606500, vstest.console.dll, Platform was updated to 'ARM64'.
TpTrace Information: 0 : 27762, 1, 2025/12/01, 17:52:43.120, 327061090062416, vstest.console.dll, Compatible sources list: 
TpTrace Information: 0 : 27762, 1, 2025/12/01, 17:52:43.120, 327061090073416, vstest.console.dll, /Users/dangercoder/repos/clojure-dotnet/tests/Cljr.CljrTests/bin/Debug/net10.0/Cljr.CljrTests.dll
TpTrace Information: 0 : 27762, 1, 2025/12/01, 17:52:43.121, 327061090724250, vstest.console.dll, InferRunSettingsHelper.IsTestSettingsEnabled: Unable to navigate to RunSettings/MSTest. Current node: RunSettings
TpTrace Information: 0 : 27762, 1, 2025/12/01, 17:52:43.121, 327061090847458, vstest.console.dll, AssemblyResolver.OnResolve: Microsoft.VisualStudio.TestPlatform.Fakes: Resolving assembly.
TpTrace Information: 0 : 27762, 1, 2025/12/01, 17:52:43.121, 327061090854000, vstest.console.dll, AssemblyResolver.OnResolve: Microsoft.VisualStudio.TestPlatform.Fakes: Searching in: '/usr/local/share/dotnet/sdk/10.0.100/Extensions'.
TpTrace Information: 0 : 27762, 1, 2025/12/01, 17:52:43.121, 327061090862208, vstest.console.dll, AssemblyResolver.OnResolve: Microsoft.VisualStudio.TestPlatform.Fakes: Assembly path does not exist: '/usr/local/share/dotnet/sdk/10.0.100/Extensions/Microsoft.VisualStudio.TestPlatform.Fakes.dll', returning.
TpTrace Information: 0 : 27762, 1, 2025/12/01, 17:52:43.121, 327061090867958, vstest.console.dll, AssemblyResolver.OnResolve: Microsoft.VisualStudio.TestPlatform.Fakes: Assembly path does not exist: '/usr/local/share/dotnet/sdk/10.0.100/Extensions/Microsoft.VisualStudio.TestPlatform.Fakes.exe', returning.
TpTrace Information: 0 : 27762, 1, 2025/12/01, 17:52:43.121, 327061090871708, vstest.console.dll, AssemblyResolver.OnResolve: Microsoft.VisualStudio.TestPlatform.Fakes: Searching in: '/usr/local/share/dotnet/sdk/10.0.100'.
TpTrace Information: 0 : 27762, 1, 2025/12/01, 17:52:43.121, 327061090876583, vstest.console.dll, AssemblyResolver.OnResolve: Microsoft.VisualStudio.TestPlatform.Fakes: Assembly path does not exist: '/usr/local/share/dotnet/sdk/10.0.100/Microsoft.VisualStudio.TestPlatform.Fakes.dll', returning.
TpTrace Information: 0 : 27762, 1, 2025/12/01, 17:52:43.121, 327061090887166, vstest.console.dll, AssemblyResolver.OnResolve: Microsoft.VisualStudio.TestPlatform.Fakes: Assembly path does not exist: '/usr/local/share/dotnet/sdk/10.0.100/Microsoft.VisualStudio.TestPlatform.Fakes.exe', returning.
TpTrace Information: 0 : 27762, 1, 2025/12/01, 17:52:43.121, 327061090890958, vstest.console.dll, AssemblyResolver.OnResolve: Microsoft.VisualStudio.TestPlatform.Fakes: Failed to load assembly.
TpTrace Information: 0 : 27762, 1, 2025/12/01, 17:52:43.121, 327061090954333, vstest.console.dll, Failed to load assembly Microsoft.VisualStudio.TestPlatform.Fakes, Version=18.0.0.0, Culture=neutral. Reason:System.IO.FileNotFoundException: Could not load file or assembly 'Microsoft.VisualStudio.TestPlatform.Fakes, Version=18.0.0.0, Culture=neutral, PublicKeyToken=null'. The system cannot find the file specified.

File name: 'Microsoft.VisualStudio.TestPlatform.Fakes, Version=18.0.0.0, Culture=neutral, PublicKeyToken=null'
   at System.Reflection.RuntimeAssembly.InternalLoad(AssemblyName assemblyName, StackCrawlMark& stackMark, AssemblyLoadContext assemblyLoadContext, RuntimeAssembly requestingAssembly, Boolean throwOnFileNotFound)
   at System.Reflection.Assembly.Load(AssemblyName assemblyRef)
   at Microsoft.VisualStudio.TestPlatform.Common.Utilities.FakesUtilities.LoadTestPlatformAssembly() in /_/src/vstest/src/Microsoft.TestPlatform.Common/Utilities/FakesUtilities.cs:line 200
TpTrace Verbose: 0 : 27762, 1, 2025/12/01, 17:52:43.124, 327061093744458, vstest.console.dll, TestEngine: Initializing Parallel Execution as MaxCpuCount is set to: 1
TpTrace Information: 0 : 27762, 1, 2025/12/01, 17:52:43.124, 327061094048666, vstest.console.dll, TestPluginManager.CreateTestExtension: Attempting to load test extension: Microsoft.VisualStudio.TestPlatform.CrossPlatEngine.Hosting.DefaultTestHostManager
TpTrace Information: 0 : 27762, 1, 2025/12/01, 17:52:43.124, 327061094115666, vstest.console.dll, TestPluginManager.CreateTestExtension: Attempting to load test extension: Microsoft.VisualStudio.TestPlatform.CrossPlatEngine.Hosting.DotnetTestHostManager
TpTrace Verbose: 0 : 27762, 1, 2025/12/01, 17:52:43.124, 327061094155708, vstest.console.dll, TestHostManagerCallbacks.ctor: Forwarding output is enabled.
TpTrace Information: 0 : 27762, 1, 2025/12/01, 17:52:43.124, 327061094240041, vstest.console.dll, InferRunSettingsHelper.IsTestSettingsEnabled: Unable to navigate to RunSettings/MSTest. Current node: RunSettings
TpTrace Verbose: 0 : 27762, 1, 2025/12/01, 17:52:43.124, 327061094344958, vstest.console.dll, ParallelOperationManager.ClearSlots: Clearing all slots. Slots should accept more work: True
TpTrace Verbose: 0 : 27762, 1, 2025/12/01, 17:52:43.125, 327061094818208, vstest.console.dll, ParallelOperationManager.SetOccupiedSlotCount: Setting slot counts AvailableSlotCount = 1, OccupiedSlotCount = 0.
TpTrace Verbose: 0 : 27762, 1, 2025/12/01, 17:52:43.125, 327061094929375, vstest.console.dll, Occupied slots:

TpTrace Verbose: 0 : 27762, 1, 2025/12/01, 17:52:43.126, 327061095999625, vstest.console.dll, TestEngine.GetExecutionManager: Chosen execution manager 'Microsoft.VisualStudio.TestPlatform.CrossPlatEngine.Client.Parallel.ParallelProxyExecutionManager, Microsoft.TestPlatform.CrossPlatEngine, Version=15.0.0.0, Culture=neutral, PublicKeyToken=b03f5f7f11d50a3a' ParallelLevel '1'.
TpTrace Verbose: 0 : 27762, 1, 2025/12/01, 17:52:43.126, 327061096026541, vstest.console.dll, TestPlatform.GetSkipDefaultAdapters: Not skipping default adapters SkipDefaultAdapters was false.
TpTrace Verbose: 0 : 27762, 1, 2025/12/01, 17:52:43.126, 327061096046416, vstest.console.dll, TestRunRequest.ExecuteAsync: Creating test run request.
TpTrace Verbose: 0 : 27762, 1, 2025/12/01, 17:52:43.126, 327061096195750, vstest.console.dll, TestRunRequest.ExecuteAsync: Starting.
TpTrace Information: 0 : 27762, 1, 2025/12/01, 17:52:43.126, 327061096381000, vstest.console.dll, TestRunRequest.ExecuteAsync: Starting run with settings:TestRunCriteria:
   KeepAlive=False,FrequencyOfRunStatsChangeEvent=10,RunStatsChangeEventTimeout=00:00:01.5000000,TestCaseFilter=,TestExecutorLauncher=
   Settingsxml=<RunSettings>
  <RunConfiguration>
    <ResultsDirectory>/Users/dangercoder/repos/clojure-dotnet/tests/Cljr.CljrTests/TestResults</ResultsDirectory>
    <TargetPlatform>ARM64</TargetPlatform>
    <TargetFrameworkVersion>.NETCoreApp,Version=v10.0</TargetFrameworkVersion>
    <DesignMode>False</DesignMode>
    <CollectSourceInformation>False</CollectSourceInformation>
  </RunConfiguration>
  <LoggerRunSettings>
    <Loggers>
      <Logger friendlyName="Console" assemblyQualifiedName="Microsoft.VisualStudio.TestPlatform.CommandLine.Internal.ConsoleLogger, vstest.console, Version=15.0.0.0, Culture=neutral, PublicKeyToken=b03f5f7f11d50a3a" codeBase="/usr/local/share/dotnet/sdk/10.0.100/vstest.console.dll" enabled="True">
        <Configuration>
          <Verbosity>normal</Verbosity>
        </Configuration>
      </Logger>
    </Loggers>
  </LoggerRunSettings>
</RunSettings>

TpTrace Verbose: 0 : 27762, 1, 2025/12/01, 17:52:43.126, 327061096387916, vstest.console.dll, TestRunRequest.ExecuteAsync: Wait for the first run request is over.
TpTrace Verbose: 0 : 27762, 1, 2025/12/01, 17:52:43.127, 327061096453041, vstest.console.dll, MulticastDelegateUtilities.SafeInvoke: TestRun.TestRunStart: Invoking callbacks was skipped because there are no subscribers.
TpTrace Verbose: 0 : 27762, 4, 2025/12/01, 17:52:43.127, 327061096542875, vstest.console.dll, MulticastDelegateUtilities.SafeInvoke: InternalTestLoggerEvents.SendTestRunStart: Invoking callback 1/1 for Microsoft.VisualStudio.TestPlatform.CommandLine.Internal.ConsoleLogger., took 0 ms.
TpTrace Verbose: 0 : 27762, 1, 2025/12/01, 17:52:43.127, 327061096778625, vstest.console.dll, ParallelProxyExecutionManager: Start execution. Total sources: 1
TpTrace Verbose: 0 : 27762, 1, 2025/12/01, 17:52:43.127, 327061096857666, vstest.console.dll, ParallelOperationManager.StartWork: Starting adding 1 workloads.
TpTrace Verbose: 0 : 27762, 1, 2025/12/01, 17:52:43.127, 327061096868791, vstest.console.dll, ParallelOperationManager.ClearSlots: Clearing all slots. Slots should accept more work: True
TpTrace Verbose: 0 : 27762, 1, 2025/12/01, 17:52:43.127, 327061096883125, vstest.console.dll, ParallelOperationManager.SetOccupiedSlotCount: Setting slot counts AvailableSlotCount = 1, OccupiedSlotCount = 0.
TpTrace Verbose: 0 : 27762, 1, 2025/12/01, 17:52:43.127, 327061096888958, vstest.console.dll, Occupied slots:

TpTrace Verbose: 0 : 27762, 1, 2025/12/01, 17:52:43.127, 327061097219291, vstest.console.dll, TestHostManagerCallbacks.ctor: Forwarding output is enabled.
TpTrace Verbose: 0 : 27762, 1, 2025/12/01, 17:52:43.127, 327061097263958, vstest.console.dll, TestRequestSender is acting as server.
TpTrace Verbose: 0 : 27762, 1, 2025/12/01, 17:52:43.127, 327061097321166, vstest.console.dll, ParallelOperationManager.RunWorkInParallel: Adding 1 workload to slot, remaining workloads 0.
TpTrace Verbose: 0 : 27762, 1, 2025/12/01, 17:52:43.127, 327061097327250, vstest.console.dll, ParallelOperationManager.SetOccupiedSlotCount: Setting slot counts AvailableSlotCount = 0, OccupiedSlotCount = 1.
TpTrace Verbose: 0 : 27762, 1, 2025/12/01, 17:52:43.127, 327061097350916, vstest.console.dll, Occupied slots:
0: /Users/dangercoder/repos/clojure-dotnet/tests/Cljr.CljrTests/bin/Debug/net10.0/Cljr.CljrTests.dll
TpTrace Verbose: 0 : 27762, 1, 2025/12/01, 17:52:43.128, 327061097673708, vstest.console.dll, ParallelOperationManager.RunWorkInParallel: Started host in slot number 0 for work (source): /Users/dangercoder/repos/clojure-dotnet/tests/Cljr.CljrTests/bin/Debug/net10.0/Cljr.CljrTests.dll.
TpTrace Verbose: 0 : 27762, 1, 2025/12/01, 17:52:43.128, 327061097978000, vstest.console.dll, ParallelOperationManager.RunWorkInParallel: We started 1 work items, which is the max parallel level. Won't start more work.
TpTrace Verbose: 0 : 27762, 5, 2025/12/01, 17:52:43.128, 327061097991125, vstest.console.dll, ParallelProxyExecutionManager.StartTestRunOnConcurrentManager: Initializing uninitialized client. Started clients: 0
TpTrace Verbose: 0 : 27762, 1, 2025/12/01, 17:52:43.128, 327061097992208, vstest.console.dll, ParallelOperationManager.RunWorkInParallel: We started 1 work items in here, returning True.
TpTrace Information: 0 : 27762, 1, 2025/12/01, 17:52:43.128, 327061098009416, vstest.console.dll, TestRunRequest.ExecuteAsync: Started.
TpTrace Verbose: 0 : 27762, 5, 2025/12/01, 17:52:43.128, 327061097999916, vstest.console.dll, ParallelProxyExecutionManager.StartTestRunOnConcurrentManager: Initializing test run. Started clients: 0
TpTrace Verbose: 0 : 27762, 5, 2025/12/01, 17:52:43.128, 327061098044583, vstest.console.dll, ProxyExecutionManager: Test host is always Lazy initialize.
TpTrace Verbose: 0 : 27762, 5, 2025/12/01, 17:52:43.128, 327061098103958, vstest.console.dll, TestRequestSender.InitializeCommunication: initialize communication. 
TpTrace Verbose: 0 : 27762, 1, 2025/12/01, 17:52:43.128, 327061098203208, vstest.console.dll, TestRunRequest.WaitForCompletion: Waiting with timeout -1.
TpTrace Information: 0 : 27762, 5, 2025/12/01, 17:52:43.132, 327061102261041, vstest.console.dll, SocketServer.Start: Listening on endpoint : 127.0.0.1:59273
TpTrace Verbose: 0 : 27762, 5, 2025/12/01, 17:52:43.134, 327061103714375, vstest.console.dll, DotnetTestHostmanager.GetTestHostProcessStartInfo: Platform environment 'ARM64' target architecture 'ARM64' framework '.NETCoreApp,Version=v10.0' OS 'OSX'
TpTrace Verbose: 0 : 27762, 5, 2025/12/01, 17:52:43.134, 327061103748500, vstest.console.dll, DotnetTestHostmanager.LaunchTestHostAsync: VSTEST_DOTNET_ROOT_PATH=/usr/local/share/dotnet
TpTrace Verbose: 0 : 27762, 5, 2025/12/01, 17:52:43.134, 327061103756208, vstest.console.dll, DotnetTestHostmanager.LaunchTestHostAsync: VSTEST_DOTNET_ROOT_ARCHITECTURE=Arm64
TpTrace Verbose: 0 : 27762, 5, 2025/12/01, 17:52:43.134, 327061103774875, vstest.console.dll, DotnetTestHostManager.SetDotnetRootForArchitecture: Adding DOTNET_ROOT_ARM64=/usr/local/share/dotnet to testhost start info.
TpTrace Verbose: 0 : 27762, 5, 2025/12/01, 17:52:43.134, 327061103808458, vstest.console.dll, DotnetTestHostmanager: Adding  --runtimeconfig "/Users/dangercoder/repos/clojure-dotnet/tests/Cljr.CljrTests/bin/Debug/net10.0/Cljr.CljrTests.runtimeconfig.json" in args
TpTrace Verbose: 0 : 27762, 5, 2025/12/01, 17:52:43.134, 327061103817500, vstest.console.dll, DotnetTestHostmanager: Adding  --depsfile "/Users/dangercoder/repos/clojure-dotnet/tests/Cljr.CljrTests/bin/Debug/net10.0/Cljr.CljrTests.deps.json" in args
TpTrace Information: 0 : 27762, 5, 2025/12/01, 17:52:43.134, 327061103839750, vstest.console.dll, AssemblyResolver.OnResolve: Microsoft.Extensions.DependencyModel: Resolving assembly.
TpTrace Information: 0 : 27762, 5, 2025/12/01, 17:52:43.134, 327061103848041, vstest.console.dll, AssemblyResolver.OnResolve: Microsoft.Extensions.DependencyModel: Searching in: '/usr/local/share/dotnet/sdk/10.0.100/Extensions'.
TpTrace Information: 0 : 27762, 5, 2025/12/01, 17:52:43.134, 327061103859666, vstest.console.dll, AssemblyResolver.OnResolve: Microsoft.Extensions.DependencyModel: Assembly path does not exist: '/usr/local/share/dotnet/sdk/10.0.100/Extensions/Microsoft.Extensions.DependencyModel.dll', returning.
TpTrace Information: 0 : 27762, 5, 2025/12/01, 17:52:43.134, 327061103866000, vstest.console.dll, AssemblyResolver.OnResolve: Microsoft.Extensions.DependencyModel: Assembly path does not exist: '/usr/local/share/dotnet/sdk/10.0.100/Extensions/Microsoft.Extensions.DependencyModel.exe', returning.
TpTrace Information: 0 : 27762, 5, 2025/12/01, 17:52:43.134, 327061103869958, vstest.console.dll, AssemblyResolver.OnResolve: Microsoft.Extensions.DependencyModel: Searching in: '/usr/local/share/dotnet/sdk/10.0.100'.
TpTrace Information: 0 : 27762, 5, 2025/12/01, 17:52:43.134, 327061103937000, vstest.console.dll, AssemblyResolver.OnResolve: Microsoft.Extensions.DependencyModel: Loading assembly '/usr/local/share/dotnet/sdk/10.0.100/Microsoft.Extensions.DependencyModel.dll'.
TpTrace Information: 0 : 27762, 5, 2025/12/01, 17:52:43.134, 327061104070916, vstest.console.dll, AssemblyResolver.OnResolve: Resolved assembly: Microsoft.Extensions.DependencyModel, from path: /usr/local/share/dotnet/sdk/10.0.100/Microsoft.Extensions.DependencyModel.dll
TpTrace Verbose: 0 : 27762, 5, 2025/12/01, 17:52:43.134, 327061104181833, vstest.console.dll, DotnetTestHostmanager: Runtimeconfig.dev.json /Users/dangercoder/repos/clojure-dotnet/tests/Cljr.CljrTests/bin/Debug/net10.0/Cljr.CljrTests.runtimeconfig.dev.json does not exist.
TpTrace Verbose: 0 : 27762, 5, 2025/12/01, 17:52:43.134, 327061104194625, vstest.console.dll, DotnetTestHostManager: Found testhost.dll in source directory: /Users/dangercoder/repos/clojure-dotnet/tests/Cljr.CljrTests/bin/Debug/net10.0/testhost.dll.
TpTrace Verbose: 0 : 27762, 5, 2025/12/01, 17:52:43.134, 327061104209250, vstest.console.dll, DotnetTestHostmanager: Current process architetcure 'ARM64'
TpTrace Verbose: 0 : 27762, 5, 2025/12/01, 17:52:43.134, 327061104221250, vstest.console.dll, DotnetTestHostmanager.LaunchTestHostAsync: Compatible muxer architecture of running process 'ARM64' and target architecture 'ARM64'
TpTrace Verbose: 0 : 27762, 5, 2025/12/01, 17:52:43.134, 327061104227041, vstest.console.dll, DotnetTestHostmanager: Full path of testhost.dll is /Users/dangercoder/repos/clojure-dotnet/tests/Cljr.CljrTests/bin/Debug/net10.0/testhost.dll
TpTrace Verbose: 0 : 27762, 5, 2025/12/01, 17:52:43.134, 327061104236541, vstest.console.dll, DotnetTestHostmanager: Full path of host exe is /usr/local/share/dotnet/dotnet
TpTrace Verbose: 0 : 27762, 5, 2025/12/01, 17:52:43.135, 327061104495916, vstest.console.dll, DotnetTestHostManager: Starting process '0' with command line '1' and DOTNET environment: DOTNET_ROOT_ARM64=/usr/local/share/dotnet 
TpTrace Verbose: 0 : 27762, 5, 2025/12/01, 17:52:43.145, 327061114794625, vstest.console.dll, Test Runtime launched
TpTrace Verbose: 0 : 27762, 5, 2025/12/01, 17:52:43.145, 327061114842291, vstest.console.dll, MulticastDelegateUtilities.SafeInvoke: HostProviderEvents.OnHostLaunched: Invoking callback 1/1 for Microsoft.VisualStudio.TestPlatform.CrossPlatEngine.Client.ProxyOperationManager., took 0 ms.
TpTrace Verbose: 0 : 27762, 5, 2025/12/01, 17:52:43.145, 327061114943250, vstest.console.dll, TestRequestSender.WaitForRequestHandlerConnection: waiting for connection with timeout: 90000.
TpTrace Verbose: 0 : 27762, 5, 2025/12/01, 17:52:43.197, 327061166771583, vstest.console.dll, TestRequestSender.WaitForRequestHandlerConnection: waiting took 51 ms, with timeout 90000 ms, and result 0, which is success.
TpTrace Verbose: 0 : 27762, 10, 2025/12/01, 17:52:43.197, 327061166771583, vstest.console.dll, MulticastDelegateUtilities.SafeInvoke: SocketServer: ClientConnected: Invoking callback 1/1 for Microsoft.VisualStudio.TestPlatform.CommunicationUtilities.TestRequestSender., took 0 ms.
TpTrace Verbose: 0 : 27762, 10, 2025/12/01, 17:52:43.197, 327061166946458, vstest.console.dll, SocketServer.OnClientConnected: Client connected for endPoint: 127.0.0.1:59273, starting MessageLoopAsync:
TpTrace Verbose: 0 : 27762, 11, 2025/12/01, 17:52:43.197, 327061167283333, vstest.console.dll, TcpClientExtensions.MessageLoopAsync: Polling on remoteEndPoint: 127.0.0.1:59274 localEndPoint: 127.0.0.1:59273 after 0 ms
TpTrace Verbose: 0 : 27762, 5, 2025/12/01, 17:52:43.208, 327061178404208, vstest.console.dll, TestRequestSender.CheckVersionWithTestHost: Sending check version message: {"MessageType":"ProtocolVersion","Payload":7}
TpTrace Verbose: 0 : 27762, 11, 2025/12/01, 17:52:43.240, 327061209950250, vstest.console.dll, TcpClientExtensions.MessageLoopAsync: NotifyDataAvailable remoteEndPoint: 127.0.0.1:59274 localEndPoint: 127.0.0.1:59273
TpTrace Verbose: 0 : 27762, 11, 2025/12/01, 17:52:43.240, 327061210127041, vstest.console.dll, TestRequestSender.CheckVersionWithTestHost: onMessageReceived received message: (ProtocolVersion) -> {"MessageType":"ProtocolVersion","Payload":7}
TpTrace Verbose: 0 : 27762, 11, 2025/12/01, 17:52:43.241, 327061211359000, vstest.console.dll, MulticastDelegateUtilities.SafeInvoke: LengthPrefixCommunicationChannel: MessageReceived: Invoking callback 1/1 for Microsoft.VisualStudio.TestPlatform.CommunicationUtilities.TestRequestSender+<>c__DisplayClass29_0., took 1 ms.
TpTrace Verbose: 0 : 27762, 11, 2025/12/01, 17:52:43.241, 327061211388291, vstest.console.dll, TcpClientExtensions.MessageLoopAsync: Polling on remoteEndPoint: 127.0.0.1:59274 localEndPoint: 127.0.0.1:59273 after 44 ms
TpTrace Verbose: 0 : 27762, 5, 2025/12/01, 17:52:43.241, 327061211414166, vstest.console.dll, TestPluginCache.GetExtensionPaths: Filtered extension paths: 
TpTrace Verbose: 0 : 27762, 5, 2025/12/01, 17:52:43.241, 327061211429875, vstest.console.dll, TestPluginCache.GetExtensionPaths: Added default extension paths: /usr/local/share/dotnet/sdk/10.0.100/Extensions/Microsoft.VisualStudio.TestPlatform.Extensions.Trx.TestLogger.dll
/usr/local/share/dotnet/sdk/10.0.100/Extensions/Microsoft.Diagnostics.NETCore.Client.dll
/usr/local/share/dotnet/sdk/10.0.100/Extensions/Microsoft.TestPlatform.Extensions.BlameDataCollector.dll
/usr/local/share/dotnet/sdk/10.0.100/Extensions/Microsoft.TestPlatform.TestHostRuntimeProvider.dll
/usr/local/share/dotnet/sdk/10.0.100/Extensions/Microsoft.TestPlatform.Extensions.EventLogCollector.dll
/usr/local/share/dotnet/sdk/10.0.100/Extensions/Microsoft.VisualStudio.TestPlatform.Extensions.Html.TestLogger.dll
TpTrace Verbose: 0 : 27762, 5, 2025/12/01, 17:52:43.242, 327061211450083, vstest.console.dll, TestPluginCache.GetExtensionPaths: Added unfilterableExtensionPaths: 
TpTrace Verbose: 0 : 27762, 11, 2025/12/01, 17:52:43.242, 327061211641708, vstest.console.dll, TcpClientExtensions.MessageLoopAsync: NotifyDataAvailable remoteEndPoint: 127.0.0.1:59274 localEndPoint: 127.0.0.1:59273
TpTrace Verbose: 0 : 27762, 5, 2025/12/01, 17:52:43.243, 327061212501125, vstest.console.dll, TestRequestSender.InitializeExecution: Sending initialize execution with message: {"Version":7,"MessageType":"TestExecution.Initialize","Payload":["/Users/dangercoder/repos/clojure-dotnet/tests/Cljr.CljrTests/bin/Debug/net10.0/Cljr.TestAdapter.dll"]}
TpTrace Verbose: 0 : 27762, 5, 2025/12/01, 17:52:43.243, 327061212537916, vstest.console.dll, ParallelProxyExecutionManager.StartTestRunOnConcurrentManager: Execution starting. Started clients: 1
TpTrace Warning: 0 : 27762, 5, 2025/12/01, 17:52:43.243, 327061212660250, vstest.console.dll, InferRunSettingsHelper.MakeRunsettingsCompatible: Removing the following settings: TargetPlatform from RunSettings file. To use those settings please move to latest version of Microsoft.NET.Test.Sdk
TpTrace Verbose: 0 : 27762, 11, 2025/12/01, 17:52:43.243, 327061212869333, vstest.console.dll, TestRequestSender.OnExecutionMessageReceived: Received message: {"Version":7,"MessageType":"TestSession.Message","Payload":{"MessageLevel":0,"Message":"Logging TestHost Diagnostics in file: /Users/dangercoder/repos/clojure-dotnet/diag.host.25-12-01_17-52-43_13415_5.log"}}
TpTrace Verbose: 0 : 27762, 11, 2025/12/01, 17:52:43.244, 327061213973125, vstest.console.dll, TestRunRequest:SendTestRunMessage: Starting.
TpTrace Verbose: 0 : 27762, 11, 2025/12/01, 17:52:43.244, 327061214047375, vstest.console.dll, MulticastDelegateUtilities.SafeInvoke: TestRun.LogMessages: Invoking callback 1/1 for Microsoft.VisualStudio.TestPlatform.CommandLine.TestRunResultAggregator., took 0 ms.
TpTrace Information: 0 : 27762, 11, 2025/12/01, 17:52:43.244, 327061214055041, vstest.console.dll, TestRunRequest:SendTestRunMessage: Completed.
TpTrace Verbose: 0 : 27762, 11, 2025/12/01, 17:52:43.244, 327061214062583, vstest.console.dll, MulticastDelegateUtilities.SafeInvoke: LengthPrefixCommunicationChannel: MessageReceived: Invoking callback 1/1 for Microsoft.VisualStudio.TestPlatform.CommunicationUtilities.TestRequestSender+<>c__DisplayClass34_0., took 1 ms.
TpTrace Verbose: 0 : 27762, 11, 2025/12/01, 17:52:43.244, 327061214068916, vstest.console.dll, TcpClientExtensions.MessageLoopAsync: Polling on remoteEndPoint: 127.0.0.1:59274 localEndPoint: 127.0.0.1:59273 after 2 ms
TpTrace Verbose: 0 : 27762, 4, 2025/12/01, 17:52:43.244, 327061214165791, vstest.console.dll, MulticastDelegateUtilities.SafeInvoke: InternalTestLoggerEvents.SendTestRunMessage: Invoking callback 1/1 for Microsoft.VisualStudio.TestPlatform.CommandLine.Internal.ConsoleLogger., took 0 ms.
TpTrace Verbose: 0 : 27762, 5, 2025/12/01, 17:52:43.245, 327061214771083, vstest.console.dll, TestRequestSender.StartTestRun: Sending test run with message: {"Version":7,"MessageType":"TestExecution.StartWithSources","Payload":{"AdapterSourceMap":{"_none_":["/Users/dangercoder/repos/clojure-dotnet/tests/Cljr.CljrTests/bin/Debug/net10.0/Cljr.CljrTests.dll"]},"RunSettings":"<RunSettings>\n  <RunConfiguration>\n    <ResultsDirectory>/Users/dangercoder/repos/clojure-dotnet/tests/Cljr.CljrTests/TestResults</ResultsDirectory>\n    <TargetFrameworkVersion>.NETCoreApp,Version=v10.0</TargetFrameworkVersion>\n    <DesignMode>False</DesignMode>\n    <CollectSourceInformation>False</CollectSourceInformation>\n  </RunConfiguration>\n  <LoggerRunSettings>\n    <Loggers>\n      <Logger friendlyName=\"Console\" assemblyQualifiedName=\"Microsoft.VisualStudio.TestPlatform.CommandLine.Internal.ConsoleLogger, vstest.console, Version=15.0.0.0, Culture=neutral, PublicKeyToken=b03f5f7f11d50a3a\" codeBase=\"/usr/local/share/dotnet/sdk/10.0.100/vstest.console.dll\" enabled=\"True\">\n        <Configuration>\n          <Verbosity>normal</Verbosity>\n        </Configuration>\n      </Logger>\n    </Loggers>\n  </LoggerRunSettings>\n</RunSettings>","TestExecutionContext":{"FrequencyOfRunStatsChangeEvent":10,"RunStatsChangeEventTimeout":"00:00:01.5000000","InIsolation":false,"KeepAlive":false,"AreTestCaseLevelEventsRequired":false,"IsDebug":false,"TestCaseFilter":null,"FilterOptions":null},"Package":null}}
TpTrace Verbose: 0 : 27762, 5, 2025/12/01, 17:52:43.245, 327061214812708, vstest.console.dll, ParallelProxyExecutionManager.StartTestRunOnConcurrentManager: Execution started. Started clients: 1
TpTrace Verbose: 0 : 27762, 11, 2025/12/01, 17:52:43.284, 327061254404666, vstest.console.dll, TcpClientExtensions.MessageLoopAsync: NotifyDataAvailable remoteEndPoint: 127.0.0.1:59274 localEndPoint: 127.0.0.1:59273
TpTrace Verbose: 0 : 27762, 11, 2025/12/01, 17:52:43.285, 327061254470125, vstest.console.dll, TestRequestSender.OnExecutionMessageReceived: Received message: {"Version":7,"MessageType":"TestExecution.Completed","Payload":{"TestRunCompleteArgs":{"TestRunStatistics":{"ExecutedTests":0,"Stats":{}},"IsCanceled":false,"IsAborted":false,"Error":null,"AttachmentSets":[],"InvokedDataCollectors":[],"ElapsedTimeInRunningTests":"00:00:00.0007839","Metrics":{},"DiscoveredExtensions":{"TestDiscoverers":["Cljr.TestAdapter.CljrTestDiscoverer, Cljr.TestAdapter, Version=1.0.0.0, Culture=neutral, PublicKeyToken=null"],"TestExecutors":["executor://CljrTestExecutor/v1"],"TestExecutors2":[],"TestSettingsProviders":[]}},"LastRunTests":{"NewTestResults":[],"TestRunStatistics":{"ExecutedTests":0,"Stats":{}},"ActiveTests":[]},"RunAttachments":[],"ExecutorUris":[]}}
TpTrace Verbose: 0 : 27762, 11, 2025/12/01, 17:52:43.285, 327061254511083, vstest.console.dll, TestRequestSender.EndSession: Sending end session.
TpTrace Verbose: 0 : 27762, 11, 2025/12/01, 17:52:43.285, 327061254562375, vstest.console.dll, ProxyOperationManager.Close: waiting for test host to exit for 100 ms
TpTrace Warning: 0 : 27762, 5, 2025/12/01, 17:52:43.287, 327061257374458, vstest.console.dll, TestHostManagerCallbacks.ErrorReceivedCallback Test host standard error line: 
TpTrace Verbose: 0 : 27762, 10, 2025/12/01, 17:52:43.287, 327061257374958, vstest.console.dll, TestHostManagerCallbacks.StandardOutputReceivedCallback Test host standard output line: 
TpTrace Verbose: 0 : 27762, 13, 2025/12/01, 17:52:43.288, 327061257923500, vstest.console.dll, TestHostProvider.ExitCallBack: Host exited starting callback.
TpTrace Information: 0 : 27762, 13, 2025/12/01, 17:52:43.288, 327061257950791, vstest.console.dll, TestHostManagerCallbacks.ExitCallBack: Testhost processId: 27763 exited with exitcode: 0 error: ''
TpTrace Verbose: 0 : 27762, 13, 2025/12/01, 17:52:43.288, 327061257959916, vstest.console.dll, DotnetTestHostManager.OnHostExited: invoking OnHostExited callback
TpTrace Verbose: 0 : 27762, 13, 2025/12/01, 17:52:43.288, 327061258035875, vstest.console.dll, CrossPlatEngine.TestHostManagerHostExited: calling on client process exit callback.
TpTrace Information: 0 : 27762, 13, 2025/12/01, 17:52:43.288, 327061258052666, vstest.console.dll, TestRequestSender.OnClientProcessExit: Test host process exited. Standard error: 
TpTrace Information: 0 : 27762, 13, 2025/12/01, 17:52:43.288, 327061258063833, vstest.console.dll, SocketServer.Stop: Stop server endPoint: 127.0.0.1:59273
TpTrace Information: 0 : 27762, 11, 2025/12/01, 17:52:43.288, 327061258064541, vstest.console.dll, SocketServer.Stop: Stop server endPoint: 127.0.0.1:59273
TpTrace Information: 0 : 27762, 11, 2025/12/01, 17:52:43.288, 327061258079875, vstest.console.dll, SocketServer.Stop: Cancellation requested. Stopping message loop.
TpTrace Information: 0 : 27762, 13, 2025/12/01, 17:52:43.288, 327061258068416, vstest.console.dll, SocketServer.Stop: Cancellation requested. Stopping message loop.
TpTrace Verbose: 0 : 27762, 13, 2025/12/01, 17:52:43.288, 327061258092458, vstest.console.dll, MulticastDelegateUtilities.SafeInvoke: HostProviderEvents.OnHostExited: Invoking callback 1/1 for Microsoft.VisualStudio.TestPlatform.CrossPlatEngine.Client.ProxyOperationManager., took 0 ms.
TpTrace Information: 0 : 27762, 11, 2025/12/01, 17:52:43.288, 327061258111625, vstest.console.dll, Closing the connection
TpTrace Verbose: 0 : 27762, 11, 2025/12/01, 17:52:43.294, 327061263769458, vstest.console.dll, ParallelRunEventsHandler.HandleTestRunComplete: Handling a run completion, this can be either one part of parallel run completing, or the whole parallel run completing.
TpTrace Verbose: 0 : 27762, 11, 2025/12/01, 17:52:43.294, 327061264398583, vstest.console.dll, TestRunRequest:SendTestRunStatsChange: Starting.
TpTrace Verbose: 0 : 27762, 11, 2025/12/01, 17:52:43.294, 327061264427500, vstest.console.dll, MulticastDelegateUtilities.SafeInvoke: TestRun.RunStatsChanged: Invoking callbacks was skipped because there are no subscribers.
TpTrace Information: 0 : 27762, 11, 2025/12/01, 17:52:43.294, 327061264434666, vstest.console.dll, TestRunRequest:SendTestRunStatsChange: Completed.
TpTrace Verbose: 0 : 27762, 11, 2025/12/01, 17:52:43.295, 327061264515916, vstest.console.dll, ParallelProxyExecutionManager: HandlePartialRunComplete: Total workloads = 1, Total started clients = 1 Total completed clients = 1, Run complete = True, Run canceled: False.
TpTrace Verbose: 0 : 27762, 11, 2025/12/01, 17:52:43.295, 327061264522041, vstest.console.dll, ParallelProxyExecutionManager: HandlePartialRunComplete: All runs completed stopping all managers.
TpTrace Verbose: 0 : 27762, 11, 2025/12/01, 17:52:43.295, 327061264530333, vstest.console.dll, ParallelOperationManager.StopAllManagers: Stopping all managers.
TpTrace Verbose: 0 : 27762, 11, 2025/12/01, 17:52:43.295, 327061264536500, vstest.console.dll, ParallelOperationManager.ClearSlots: Clearing all slots. Slots should accept more work: False
TpTrace Verbose: 0 : 27762, 11, 2025/12/01, 17:52:43.295, 327061264544375, vstest.console.dll, ParallelOperationManager.SetOccupiedSlotCount: Setting slot counts AvailableSlotCount = 1, OccupiedSlotCount = 0.
TpTrace Verbose: 0 : 27762, 11, 2025/12/01, 17:52:43.295, 327061264551083, vstest.console.dll, Occupied slots:

TpTrace Verbose: 0 : 27762, 11, 2025/12/01, 17:52:43.295, 327061264554666, vstest.console.dll, ParallelRunEventsHandler.HandleTestRunComplete: Whole parallel run completed.
TpTrace Verbose: 0 : 27762, 4, 2025/12/01, 17:52:43.297, 327061266601208, vstest.console.dll, MulticastDelegateUtilities.SafeInvoke: InternalTestLoggerEvents.SendTestRunComplete: Invoking callback 1/1 for Microsoft.VisualStudio.TestPlatform.CommandLine.Internal.ConsoleLogger., took 1 ms.
TpTrace Verbose: 0 : 27762, 11, 2025/12/01, 17:52:43.297, 327061266691541, vstest.console.dll, TestRunRequest:TestRunComplete: Starting. IsAborted:False IsCanceled:False.
TpTrace Verbose: 0 : 27762, 11, 2025/12/01, 17:52:43.297, 327061266731958, vstest.console.dll, ParallelOperationManager.DoActionOnAllManagers: Calling an action on all managers.
TpTrace Verbose: 0 : 27762, 11, 2025/12/01, 17:52:43.297, 327061267217916, vstest.console.dll, TestLoggerManager.HandleTestRunComplete: Ignoring as the object is disposed.
TpTrace Verbose: 0 : 27762, 11, 2025/12/01, 17:52:43.297, 327061267406875, vstest.console.dll, MulticastDelegateUtilities.SafeInvoke: TestRun.TestRunComplete: Invoking callback 1/2 for Microsoft.VisualStudio.TestPlatform.CommandLine.TestRunResultAggregator., took 0 ms.
TpTrace Verbose: 0 : 27762, 11, 2025/12/01, 17:52:43.298, 327061267487666, vstest.console.dll, MulticastDelegateUtilities.SafeInvoke: TestRun.TestRunComplete: Invoking callback 2/2 for Microsoft.VisualStudio.TestPlatform.CommandLine.Processors.RunTestsArgumentExecutor+TestRunRequestEventsRegistrar., took 0 ms.
TpTrace Information: 0 : 27762, 11, 2025/12/01, 17:52:43.298, 327061267512041, vstest.console.dll, TestRunRequest:TestRunComplete: Completed.
TpTrace Verbose: 0 : 27762, 11, 2025/12/01, 17:52:43.298, 327061267524333, vstest.console.dll, TestRequestSender.SetOperationComplete: Setting operation complete.
TpTrace Information: 0 : 27762, 11, 2025/12/01, 17:52:43.298, 327061267533166, vstest.console.dll, SocketServer.Stop: Stop server endPoint: 127.0.0.1:59273
TpTrace Verbose: 0 : 27762, 1, 2025/12/01, 17:52:43.298, 327061267532916, vstest.console.dll, TestRunRequest.Dispose: Starting.
TpTrace Information: 0 : 27762, 11, 2025/12/01, 17:52:43.298, 327061267545291, vstest.console.dll, SocketServer.Stop: Cancellation requested. Stopping message loop.
TpTrace Information: 0 : 27762, 1, 2025/12/01, 17:52:43.298, 327061267565625, vstest.console.dll, TestRunRequest.Dispose: Completed.
TpTrace Verbose: 0 : 27762, 11, 2025/12/01, 17:52:43.298, 327061267570583, vstest.console.dll, MulticastDelegateUtilities.SafeInvoke: LengthPrefixCommunicationChannel: MessageReceived: Invoking callback 1/1 for Microsoft.VisualStudio.TestPlatform.CommunicationUtilities.TestRequestSender+<>c__DisplayClass34_0., took 13 ms.
TpTrace Information: 0 : 27762, 1, 2025/12/01, 17:52:43.298, 327061267580416, vstest.console.dll, TestRequestManager.RunTests: run tests completed.
TpTrace Information: 0 : 27762, 11, 2025/12/01, 17:52:43.298, 327061267585500, vstest.console.dll, SocketServer.PrivateStop: Stopping server endPoint: 127.0.0.1:59273 error: 
TpTrace Information: 0 : 27762, 1, 2025/12/01, 17:52:43.298, 327061267605958, vstest.console.dll, RunTestsArgumentProcessor:Execute: Test run is completed.
TpTrace Verbose: 0 : 27762, 11, 2025/12/01, 17:52:43.298, 327061267647625, vstest.console.dll, LengthPrefixCommunicationChannel.Dispose: Dispose reader and writer.
TpTrace Information: 0 : 27762, 11, 2025/12/01, 17:52:43.298, 327061267665916, vstest.console.dll, SocketServer.Stop: Raise disconnected event endPoint: 127.0.0.1:59273 error: 
TpTrace Verbose: 0 : 27762, 1, 2025/12/01, 17:52:43.298, 327061267676458, vstest.console.dll, Executor.Execute: Exiting with exit code of 0
TpTrace Verbose: 0 : 27762, 11, 2025/12/01, 17:52:43.298, 327061267681625, vstest.console.dll, TestRequestSender: OnTestRunAbort: Operation is already complete. Skip error message.
TpTrace Verbose: 0 : 27762, 11, 2025/12/01, 17:52:43.298, 327061267689125, vstest.console.dll, MulticastDelegateUtilities.SafeInvoke: SocketServer: ClientDisconnected: Invoking callback 1/1 for Microsoft.VisualStudio.TestPlatform.CommunicationUtilities.TestRequestSender., took 0 ms.
TpTrace Verbose: 0 : 27762, 11, 2025/12/01, 17:52:43.298, 327061267694125, vstest.console.dll, TcpClientExtensions.MessageLoopAsync: exiting MessageLoopAsync remoteEndPoint: 127.0.0.1:59274 localEndPoint: 127.0.0.1:59273
